c:\my documents\visual studio 2010\Projects\Polinoms\Debug\Polinoms.pdb
c:\my documents\visual studio 2010\Projects\Polinoms\Polinoms\Debug\cl.command.1.tlog
c:\my documents\visual studio 2010\Projects\Polinoms\Polinoms\Debug\CL.read.1.tlog
c:\my documents\visual studio 2010\Projects\Polinoms\Polinoms\Debug\CL.write.1.tlog
c:\my documents\visual studio 2010\Projects\Polinoms\Polinoms\Debug\link.16724.read.1.tlog
c:\my documents\visual studio 2010\Projects\Polinoms\Polinoms\Debug\link.16724.write.1.tlog
c:\my documents\visual studio 2010\Projects\Polinoms\Polinoms\Debug\link.16724-cvtres.read.1.tlog
c:\my documents\visual studio 2010\Projects\Polinoms\Polinoms\Debug\link.16724-cvtres.write.1.tlog
c:\my documents\visual studio 2010\Projects\Polinoms\Polinoms\Debug\link.17916.read.1.tlog
c:\my documents\visual studio 2010\Projects\Polinoms\Polinoms\Debug\link.17916.write.1.tlog
c:\my documents\visual studio 2010\Projects\Polinoms\Polinoms\Debug\link.17916-cvtres.read.1.tlog
c:\my documents\visual studio 2010\Projects\Polinoms\Polinoms\Debug\link.17916-cvtres.write.1.tlog
c:\my documents\visual studio 2010\Projects\Polinoms\Polinoms\Debug\link.18236.read.1.tlog
c:\my documents\visual studio 2010\Projects\Polinoms\Polinoms\Debug\link.18236.write.1.tlog
c:\my documents\visual studio 2010\Projects\Polinoms\Polinoms\Debug\link.18236-cvtres.read.1.tlog
c:\my documents\visual studio 2010\Projects\Polinoms\Polinoms\Debug\link.18236-cvtres.write.1.tlog
c:\my documents\visual studio 2010\Projects\Polinoms\Polinoms\Debug\link.18624.read.1.tlog
c:\my documents\visual studio 2010\Projects\Polinoms\Polinoms\Debug\link.18624.write.1.tlog
c:\my documents\visual studio 2010\Projects\Polinoms\Polinoms\Debug\link.18624-cvtres.read.1.tlog
c:\my documents\visual studio 2010\Projects\Polinoms\Polinoms\Debug\link.18624-cvtres.write.1.tlog
c:\my documents\visual studio 2010\Projects\Polinoms\Polinoms\Debug\link.command.1.tlog
c:\my documents\visual studio 2010\Projects\Polinoms\Polinoms\Debug\link.read.1.tlog
c:\my documents\visual studio 2010\Projects\Polinoms\Polinoms\Debug\link.write.1.tlog
c:\my documents\visual studio 2010\Projects\Polinoms\Polinoms\Debug\link-cvtres.read.1.tlog
c:\my documents\visual studio 2010\Projects\Polinoms\Polinoms\Debug\link-cvtres.write.1.tlog
c:\my documents\visual studio 2010\Projects\Polinoms\Polinoms\Debug\mt.command.1.tlog
c:\my documents\visual studio 2010\Projects\Polinoms\Polinoms\Debug\mt.read.1.tlog
c:\my documents\visual studio 2010\Projects\Polinoms\Polinoms\Debug\mt.write.1.tlog
C:\MY DOCUMENTS\VISUAL STUDIO 2010\PROJECTS\POLINOMS\POLINOMS\DEBUG\POLINOMS.EXE.EMBED.MANIFEST
C:\MY DOCUMENTS\VISUAL STUDIO 2010\PROJECTS\POLINOMS\POLINOMS\DEBUG\POLINOMS.EXE.EMBED.MANIFEST.RES
c:\my documents\visual studio 2010\Projects\Polinoms\Polinoms\Debug\Polinoms.exe.intermediate.manifest
C:\MY DOCUMENTS\VISUAL STUDIO 2010\PROJECTS\POLINOMS\POLINOMS\DEBUG\POLINOMS.OBJ
C:\MY DOCUMENTS\VISUAL STUDIO 2010\PROJECTS\POLINOMS\POLINOMS\DEBUG\POLINOMS.PCH
c:\my documents\visual studio 2010\Projects\Polinoms\Polinoms\Debug\Polinoms.vcxprojResolveAssemblyReference.cache
c:\my documents\visual studio 2010\Projects\Polinoms\Polinoms\Debug\Polinoms.write.1.tlog
c:\my documents\visual studio 2010\Projects\Polinoms\Polinoms\Debug\Polinoms_manifest.rc
c:\my documents\visual studio 2010\Projects\Polinoms\Polinoms\Debug\rc.command.1.tlog
c:\my documents\visual studio 2010\Projects\Polinoms\Polinoms\Debug\rc.read.1.tlog
c:\my documents\visual studio 2010\Projects\Polinoms\Polinoms\Debug\rc.write.1.tlog
C:\MY DOCUMENTS\VISUAL STUDIO 2010\PROJECTS\POLINOMS\POLINOMS\DEBUG\STDAFX.OBJ
c:\my documents\visual studio 2010\Projects\Polinoms\Polinoms\Debug\vc100.idb
C:\MY DOCUMENTS\VISUAL STUDIO 2010\PROJECTS\POLINOMS\POLINOMS\DEBUG\VC100.PDB
