Построение начато 26.12.2015 17:22:03.
     1>Проект "c:\my documents\visual studio 2010\Projects\Polinoms\Polinoms\Polinoms.vcxproj" в узле 2 (целевые объекты build).
     1>InitializeBuildStatus:
         Создание "Debug\Polinoms.unsuccessfulbuild", так как было задано "AlwaysCreate".
       ClCompile:
         Для всех выходных данных обновления не требуется.
         C:\Program Files (x86)\Microsoft Visual Studio 10.0\VC\bin\CL.exe /c /ZI /nologo /W3 /WX- /Od /Oy- /D WIN32 /D _DEBUG /D _CONSOLE /D _UNICODE /D UNICODE /Gm /EHsc /RTC1 /MDd /GS /fp:precise /Zc:wchar_t /Zc:forScope /Yu"StdAfx.h" /Fp"Debug\Polinoms.pch" /Fo"Debug\\" /Fd"Debug\vc100.pdb" /Gd /TP /analyze- /errorReport:prompt Polinoms.cpp
         Polinoms.cpp
     1>c:\my documents\visual studio 2010\projects\polinoms\polinoms\polinoms.cpp(22): warning C4244: =: преобразование "double" в "int", возможна потеря данных
     1>c:\my documents\visual studio 2010\projects\polinoms\polinoms\polinoms.cpp(30): warning C4101: i: неиспользованная локальная переменная
       ManifestResourceCompile:
         Для всех выходных данных обновления не требуется.
       Link:
         C:\Program Files (x86)\Microsoft Visual Studio 10.0\VC\bin\link.exe /ERRORREPORT:PROMPT /OUT:"c:\my documents\visual studio 2010\Projects\Polinoms\Debug\Polinoms.exe" /INCREMENTAL /NOLOGO kernel32.lib user32.lib gdi32.lib winspool.lib comdlg32.lib advapi32.lib shell32.lib ole32.lib oleaut32.lib uuid.lib odbc32.lib odbccp32.lib /MANIFEST /ManifestFile:"Debug\Polinoms.exe.intermediate.manifest" /MANIFESTUAC:"level='asInvoker' uiAccess='false'" /DEBUG /PDB:"c:\my documents\visual studio 2010\Projects\Polinoms\Debug\Polinoms.pdb" /SUBSYSTEM:CONSOLE /TLBID:1 /DYNAMICBASE /NXCOMPAT /IMPLIB:"c:\my documents\visual studio 2010\Projects\Polinoms\Debug\Polinoms.lib" /MACHINE:X86 Debug\Polinoms.exe.embed.manifest.res
         Debug\Polinoms.obj
         Debug\stdafx.obj
       Manifest:
         C:\Program Files (x86)\Microsoft SDKs\Windows\v7.0A\bin\mt.exe /nologo /verbose /out:"Debug\Polinoms.exe.embed.manifest" /manifest Debug\Polinoms.exe.intermediate.manifest
         Для всех выходных данных обновления не требуется.
       LinkEmbedManifest:
         Для всех выходных данных обновления не требуется.
         Polinoms.vcxproj -> c:\my documents\visual studio 2010\Projects\Polinoms\Debug\Polinoms.exe
       FinalizeBuildStatus:
         Файл "Debug\Polinoms.unsuccessfulbuild" удаляется.
         Обращение к "Debug\Polinoms.lastbuildstate".
     1>Построение проекта "c:\my documents\visual studio 2010\Projects\Polinoms\Polinoms\Polinoms.vcxproj" завершено (целевые объекты build).

Построение успешно завершено.

Затраченное время: 00:00:00.55
